Base path: 'C:/Program Files/Unity/Hub/Editor/2019.2.6f1/Editor/Data', plugins path 'C:/Program Files/Unity/Hub/Editor/2019.2.6f1/Editor/Data/PlaybackEngines'
Cmd: initializeCompiler
Cmd: preprocess
  insize=811 outsize=209 ok=1
Cmd: preprocess
  insize=811 outsize=209 ok=1
Cmd: preprocess
  insize=811 outsize=209 ok=1
Cmd: preprocess
  insize=811 outsize=209 ok=1
Cmd: preprocess
  insize=811 outsize=209 ok=1
Cmd: preprocess
  insize=811 outsize=209 ok=1
Cmd: preprocess
  insize=811 outsize=209 ok=1
Cmd: preprocess
  insize=811 outsize=209 ok=1
Cmd: preprocess
  insize=811 outsize=209 ok=1
Cmd: preprocess
  insize=811 outsize=209 ok=1
Cmd: preprocess
  insize=811 outsize=209 ok=1
Cmd: preprocess
  insize=811 outsize=209 ok=1
Cmd: preprocess
  insize=811 outsize=209 ok=1
Cmd: preprocess
  insize=811 outsize=209 ok=1
Cmd: preprocess
  insize=811 outsize=209 ok=1
Cmd: preprocess
  insize=811 outsize=209 ok=1
Cmd: preprocess
  insize=811 outsize=209 ok=1
Cmd: preprocess
  insize=811 outsize=209 ok=1
Cmd: preprocess
  insize=811 outsize=209 ok=1
Cmd: preprocess
  insize=811 outsize=209 ok=1
Cmd: preprocess
  insize=811 outsize=209 ok=1
Cmd: preprocess
  insize=811 outsize=209 ok=1
Cmd: preprocess
  insize=811 outsize=209 ok=1
Cmd: preprocess
  insize=12373 outsize=791 ok=1
Cmd: preprocess
  insize=7464 outsize=522 ok=1
Cmd: preprocess
  insize=5362 outsize=525 ok=1
Cmd: preprocess
  insize=3437 outsize=519 ok=1
Cmd: preprocess
  insize=9765 outsize=521 ok=1
Cmd: preprocess
  insize=3889 outsize=528 ok=1
Cmd: preprocess
  insize=8167 outsize=522 ok=1
Cmd: preprocess
  insize=4085 outsize=518 ok=1
Cmd: preprocess
  insize=3733 outsize=519 ok=1
Cmd: preprocess
  insize=4096 outsize=518 ok=1
Cmd: preprocess
  insize=3434 outsize=520 ok=1
Cmd: preprocess
  insize=9175 outsize=517 ok=1
Cmd: preprocess
  insize=3434 outsize=521 ok=1
Cmd: preprocess
  insize=8968 outsize=522 ok=1
Cmd: preprocess
  insize=3746 outsize=521 ok=1
Cmd: preprocess
  insize=4117 outsize=528 ok=1
Cmd: preprocess
  insize=3646 outsize=523 ok=1
Cmd: preprocess
  insize=6309 outsize=521 ok=1
Cmd: preprocess
  insize=3646 outsize=524 ok=1
Cmd: preprocess
  insize=811 outsize=209 ok=1
Cmd: preprocess
  insize=3406 outsize=520 ok=1
Cmd: preprocess
  insize=5637 outsize=520 ok=1
Cmd: preprocess
  insize=7811 outsize=521 ok=1
Cmd: preprocess
  insize=8863 outsize=522 ok=1
Cmd: preprocess
  insize=9566 outsize=522 ok=1
Cmd: preprocess
  insize=10367 outsize=522 ok=1
Cmd: preprocess
  insize=10574 outsize=517 ok=1
Cmd: preprocess
  insize=11164 outsize=521 ok=1
Cmd: preprocess
  insize=13944 outsize=791 ok=1
Cmd: preprocess
  insize=4117 outsize=528 ok=1
Cmd: preprocess
  insize=5362 outsize=526 ok=1
Cmd: preprocess
  insize=6309 outsize=521 ok=1
Cmd: preprocess
  insize=7811 outsize=521 ok=1
Cmd: preprocess
  insize=8863 outsize=522 ok=1
Cmd: preprocess
  insize=9801 outsize=522 ok=1
Cmd: preprocess
  insize=10602 outsize=522 ok=1
Cmd: preprocess
  insize=10809 outsize=517 ok=1
Cmd: preprocess
  insize=11399 outsize=521 ok=1
Cmd: preprocess
  insize=14211 outsize=791 ok=1
Cmd: preprocess
  insize=4117 outsize=528 ok=1
Cmd: preprocess
  insize=5362 outsize=526 ok=1
Cmd: preprocess
  insize=6309 outsize=521 ok=1
Cmd: preprocess
  insize=7811 outsize=521 ok=1
Cmd: preprocess
  insize=8863 outsize=522 ok=1
Cmd: preprocess
  insize=9801 outsize=522 ok=1
Cmd: preprocess
  insize=10602 outsize=522 ok=1
Cmd: preprocess
  insize=10809 outsize=517 ok=1
Cmd: preprocess
  insize=11399 outsize=521 ok=1
Cmd: preprocess
  insize=14211 outsize=791 ok=1
Cmd: compileSnippet
  api=4 type=0 insize=13754 outsize=1194 kw= pd=UNITY_ENABLE_REFLECTION_BUFFERS UNITY_USE_DITHER_MASK_FOR_ALPHABLENDED_SHADOWS UNITY_PBS_USE_BRDF1 UNITY_SPECCUBE_BOX_PROJECTION UNITY_SPECCUBE_BLENDING UNITY_ENABLE_DETAIL_NORMALMAP SHADER_API_DESKTOP UNITY_COLORSPACE_GAMMA UNITY_LIGHT_PROBE_PROXY_VOLUME UNITY_LIGHTMAP_RGBM_ENCODING ok=1
Cmd: compileSnippet
  api=4 type=1 insize=13754 outsize=6962 kw= pd=UNITY_ENABLE_REFLECTION_BUFFERS UNITY_USE_DITHER_MASK_FOR_ALPHABLENDED_SHADOWS UNITY_PBS_USE_BRDF1 UNITY_SPECCUBE_BOX_PROJECTION UNITY_SPECCUBE_BLENDING UNITY_ENABLE_DETAIL_NORMALMAP SHADER_API_DESKTOP UNITY_COLORSPACE_GAMMA UNITY_LIGHT_PROBE_PROXY_VOLUME UNITY_LIGHTMAP_RGBM_ENCODING ok=1
Cmd: preprocess
  insize=4117 outsize=528 ok=1
Cmd: preprocess
  insize=5362 outsize=525 ok=1
Cmd: preprocess
  insize=6309 outsize=521 ok=1
Cmd: preprocess
  insize=7811 outsize=520 ok=1
Cmd: preprocess
  insize=8863 outsize=522 ok=1
Cmd: preprocess
  insize=9801 outsize=522 ok=1
Cmd: preprocess
  insize=10602 outsize=522 ok=1
Cmd: preprocess
  insize=10809 outsize=516 ok=1
Cmd: preprocess
  insize=11399 outsize=521 ok=1
Cmd: preprocess
  insize=14211 outsize=791 ok=1
Cmd: preprocess
  insize=4117 outsize=528 ok=1
Cmd: preprocess
  insize=5362 outsize=525 ok=1
Cmd: preprocess
  insize=6309 outsize=521 ok=1
Cmd: preprocess
  insize=7811 outsize=521 ok=1
Cmd: preprocess
  insize=8863 outsize=522 ok=1
Cmd: preprocess
  insize=9566 outsize=522 ok=1
Cmd: preprocess
  insize=10367 outsize=522 ok=1
Cmd: preprocess
  insize=10574 outsize=517 ok=1
Cmd: preprocess
  insize=11164 outsize=521 ok=1
Cmd: preprocess
  insize=13944 outsize=791 ok=1
Cmd: preprocess
  insize=12780 outsize=790 ok=1
Cmd: compileSnippet
  api=4 type=0 insize=12324 outsize=1102 kw= pd=UNITY_ENABLE_REFLECTION_BUFFERS UNITY_USE_DITHER_MASK_FOR_ALPHABLENDED_SHADOWS UNITY_PBS_USE_BRDF1 UNITY_SPECCUBE_BOX_PROJECTION UNITY_SPECCUBE_BLENDING UNITY_ENABLE_DETAIL_NORMALMAP SHADER_API_DESKTOP UNITY_COLORSPACE_GAMMA UNITY_LIGHT_PROBE_PROXY_VOLUME UNITY_LIGHTMAP_RGBM_ENCODING ok=1
Cmd: compileSnippet
  api=4 type=1 insize=12324 outsize=6262 kw= pd=UNITY_ENABLE_REFLECTION_BUFFERS UNITY_USE_DITHER_MASK_FOR_ALPHABLENDED_SHADOWS UNITY_PBS_USE_BRDF1 UNITY_SPECCUBE_BOX_PROJECTION UNITY_SPECCUBE_BLENDING UNITY_ENABLE_DETAIL_NORMALMAP SHADER_API_DESKTOP UNITY_COLORSPACE_GAMMA UNITY_LIGHT_PROBE_PROXY_VOLUME UNITY_LIGHTMAP_RGBM_ENCODING ok=1
Cmd: preprocess
  insize=811 outsize=209 ok=1
Cmd: preprocess
  insize=811 outsize=209 ok=1
Cmd: preprocess
  insize=811 outsize=209 ok=1
Cmd: preprocess
  insize=811 outsize=209 ok=1
Cmd: preprocess
  insize=811 outsize=209 ok=1
Cmd: preprocess
  insize=811 outsize=209 ok=1
Cmd: preprocess
  insize=811 outsize=209 ok=1
Cmd: preprocess
  insize=811 outsize=209 ok=1
Cmd: preprocess
  insize=811 outsize=209 ok=1
Cmd: preprocess
  insize=811 outsize=209 ok=1
Cmd: preprocess
  insize=811 outsize=209 ok=1
Cmd: preprocess
  insize=811 outsize=209 ok=1
Cmd: preprocess
  insize=811 outsize=209 ok=1
Cmd: preprocess
  insize=811 outsize=209 ok=1
Cmd: preprocess
  insize=811 outsize=209 ok=1
Cmd: preprocess
  insize=811 outsize=209 ok=1
Cmd: preprocess
  insize=811 outsize=209 ok=1
Cmd: preprocess
  insize=811 outsize=209 ok=1
Cmd: preprocess
  insize=811 outsize=209 ok=1
Cmd: preprocess
  insize=811 outsize=209 ok=1
Cmd: preprocess
  insize=811 outsize=209 ok=1
Cmd: preprocess
  insize=811 outsize=209 ok=1
Cmd: preprocess
  insize=811 outsize=209 ok=1
Cmd: preprocess
  insize=811 outsize=209 ok=1
Cmd: preprocess
  insize=13944 outsize=791 ok=1
Cmd: preprocess
  insize=8863 outsize=522 ok=1
Cmd: preprocess
  insize=5362 outsize=525 ok=1
Cmd: preprocess
  insize=3437 outsize=519 ok=1
Cmd: preprocess
  insize=11164 outsize=521 ok=1
Cmd: preprocess
  insize=3889 outsize=528 ok=1
Cmd: preprocess
  insize=9566 outsize=522 ok=1
Cmd: preprocess
  insize=4085 outsize=518 ok=1
Cmd: preprocess
  insize=3733 outsize=519 ok=1
Cmd: preprocess
  insize=4096 outsize=518 ok=1
Cmd: preprocess
  insize=3434 outsize=520 ok=1
Cmd: preprocess
  insize=10574 outsize=517 ok=1
Cmd: preprocess
  insize=3434 outsize=521 ok=1
Cmd: preprocess
  insize=10367 outsize=522 ok=1
Cmd: preprocess
  insize=3746 outsize=521 ok=1
Cmd: preprocess
  insize=4117 outsize=528 ok=1
Cmd: preprocess
  insize=3646 outsize=523 ok=1
Cmd: preprocess
  insize=6309 outsize=521 ok=1
Cmd: preprocess
  insize=3646 outsize=524 ok=1
Cmd: preprocess
  insize=7811 outsize=521 ok=1
Cmd: preprocess
  insize=811 outsize=209 ok=1
Cmd: preprocess
  insize=811 outsize=209 ok=1
Cmd: preprocess
  insize=811 outsize=209 ok=1
Cmd: preprocess
  insize=811 outsize=209 ok=1
Cmd: preprocess
  insize=811 outsize=209 ok=1
Cmd: preprocess
  insize=811 outsize=209 ok=1
Cmd: preprocess
  insize=811 outsize=209 ok=1
Cmd: preprocess
  insize=811 outsize=209 ok=1
Cmd: preprocess
  insize=811 outsize=209 ok=1
Cmd: preprocess
  insize=811 outsize=209 ok=1
Cmd: preprocess
  insize=811 outsize=209 ok=1
Cmd: preprocess
  insize=811 outsize=209 ok=1
Cmd: preprocess
  insize=811 outsize=209 ok=1
Cmd: preprocess
  insize=811 outsize=209 ok=1
Cmd: preprocess
  insize=811 outsize=209 ok=1
Cmd: preprocess
  insize=811 outsize=209 ok=1
Cmd: preprocess
  insize=811 outsize=209 ok=1
Cmd: preprocess
  insize=811 outsize=209 ok=1
Cmd: preprocess
  insize=811 outsize=209 ok=1
Cmd: preprocess
  insize=811 outsize=209 ok=1
Cmd: preprocess
  insize=811 outsize=209 ok=1
Cmd: preprocess
  insize=811 outsize=209 ok=1
Cmd: preprocess
  insize=811 outsize=209 ok=1
Cmd: preprocess
  insize=811 outsize=209 ok=1
Cmd: preprocess
  insize=13944 outsize=791 ok=1
Cmd: preprocess
  insize=8863 outsize=522 ok=1
Cmd: preprocess
  insize=5362 outsize=525 ok=1
Cmd: preprocess
  insize=3437 outsize=519 ok=1
Cmd: preprocess
  insize=11164 outsize=521 ok=1
Cmd: preprocess
  insize=3889 outsize=528 ok=1
Cmd: preprocess
  insize=9566 outsize=522 ok=1
Cmd: preprocess
  insize=4085 outsize=518 ok=1
Cmd: preprocess
  insize=3733 outsize=519 ok=1
Cmd: preprocess
  insize=4096 outsize=518 ok=1
Cmd: preprocess
  insize=3434 outsize=520 ok=1
Cmd: preprocess
  insize=10574 outsize=517 ok=1
Cmd: preprocess
  insize=3434 outsize=521 ok=1
Cmd: preprocess
  insize=10367 outsize=522 ok=1
Cmd: preprocess
  insize=3746 outsize=521 ok=1
Cmd: preprocess
  insize=4117 outsize=528 ok=1
Cmd: preprocess
  insize=3646 outsize=523 ok=1
Cmd: preprocess
  insize=6309 outsize=521 ok=1
Cmd: preprocess
  insize=3646 outsize=524 ok=1
Cmd: preprocess
  insize=7811 outsize=521 ok=1
Cmd: preprocess
  insize=3818 outsize=528 ok=1
Cmd: preprocess
  insize=5063 outsize=526 ok=1
Cmd: preprocess
  insize=6010 outsize=521 ok=1
Cmd: preprocess
  insize=7512 outsize=520 ok=1
Cmd: preprocess
  insize=8564 outsize=522 ok=1
Cmd: preprocess
  insize=9267 outsize=522 ok=1
Cmd: preprocess
  insize=10068 outsize=521 ok=1
Cmd: preprocess
  insize=10275 outsize=517 ok=1
Cmd: preprocess
  insize=10865 outsize=521 ok=1
Cmd: preprocess
  insize=13709 outsize=791 ok=1
Cmd: preprocess
  insize=811 outsize=209 ok=1
Cmd: preprocess
  insize=3646 outsize=524 ok=1
Cmd: preprocess
  insize=4313 outsize=528 ok=1
Cmd: preprocess
  insize=5558 outsize=527 ok=1
Cmd: preprocess
  insize=6277 outsize=521 ok=1
Cmd: preprocess
  insize=7779 outsize=521 ok=1
Cmd: preprocess
  insize=8831 outsize=521 ok=1
Cmd: preprocess
  insize=9534 outsize=522 ok=1
Cmd: preprocess
  insize=10335 outsize=522 ok=1
Cmd: preprocess
  insize=10542 outsize=517 ok=1
Cmd: preprocess
  insize=11132 outsize=519 ok=1
Cmd: preprocess
  insize=14008 outsize=791 ok=1
Cmd: preprocess
  insize=811 outsize=209 ok=1
Cmd: preprocess
  insize=3646 outsize=524 ok=1
Cmd: preprocess
  insize=811 outsize=209 ok=1
Cmd: preprocess
  insize=811 outsize=209 ok=1
Cmd: preprocess
  insize=811 outsize=209 ok=1
Cmd: preprocess
  insize=811 outsize=209 ok=1
Cmd: preprocess
  insize=811 outsize=209 ok=1
Cmd: preprocess
  insize=811 outsize=209 ok=1
Cmd: preprocess
  insize=811 outsize=209 ok=1
Cmd: preprocess
  insize=811 outsize=209 ok=1
Cmd: preprocess
  insize=811 outsize=209 ok=1
Cmd: preprocess
  insize=811 outsize=209 ok=1
Cmd: preprocess
  insize=811 outsize=209 ok=1
Cmd: preprocess
  insize=811 outsize=209 ok=1
Cmd: preprocess
  insize=811 outsize=209 ok=1
Cmd: preprocess
  insize=811 outsize=209 ok=1
Cmd: preprocess
  insize=811 outsize=209 ok=1
Cmd: preprocess
  insize=811 outsize=209 ok=1
Cmd: preprocess
  insize=811 outsize=209 ok=1
Cmd: preprocess
  insize=811 outsize=209 ok=1
Cmd: preprocess
  insize=811 outsize=209 ok=1
Cmd: preprocess
  insize=811 outsize=209 ok=1
Cmd: preprocess
  insize=811 outsize=209 ok=1
Cmd: preprocess
  insize=811 outsize=209 ok=1
Cmd: preprocess
  insize=811 outsize=209 ok=1
Cmd: preprocess
  insize=811 outsize=209 ok=1
Cmd: preprocess
  insize=13944 outsize=791 ok=1
Cmd: preprocess
  insize=8863 outsize=522 ok=1
Cmd: preprocess
  insize=5362 outsize=525 ok=1
Cmd: preprocess
  insize=3437 outsize=519 ok=1
Cmd: preprocess
  insize=11164 outsize=521 ok=1
Cmd: preprocess
  insize=3889 outsize=528 ok=1
Cmd: preprocess
  insize=9566 outsize=522 ok=1
Cmd: preprocess
  insize=4085 outsize=518 ok=1
Cmd: preprocess
  insize=3733 outsize=519 ok=1
Cmd: preprocess
  insize=4096 outsize=518 ok=1
Cmd: preprocess
  insize=3434 outsize=520 ok=1
Cmd: preprocess
  insize=10574 outsize=517 ok=1
Cmd: preprocess
  insize=3434 outsize=521 ok=1
Cmd: preprocess
  insize=10367 outsize=522 ok=1
Cmd: preprocess
  insize=3746 outsize=521 ok=1
Cmd: preprocess
  insize=4117 outsize=528 ok=1
Cmd: preprocess
  insize=3646 outsize=523 ok=1
Cmd: preprocess
  insize=6309 outsize=521 ok=1
Cmd: preprocess
  insize=3646 outsize=524 ok=1
Cmd: preprocess
  insize=7811 outsize=521 ok=1
Cmd: preprocess
  insize=811 outsize=209 ok=1
Cmd: preprocess
  insize=811 outsize=209 ok=1
Cmd: preprocess
  insize=811 outsize=209 ok=1
Cmd: preprocess
  insize=811 outsize=209 ok=1
Cmd: preprocess
  insize=811 outsize=209 ok=1
Cmd: preprocess
  insize=811 outsize=209 ok=1
Cmd: preprocess
  insize=811 outsize=209 ok=1
Cmd: preprocess
  insize=811 outsize=209 ok=1
Cmd: preprocess
  insize=811 outsize=209 ok=1
Cmd: preprocess
  insize=811 outsize=209 ok=1
Cmd: preprocess
  insize=811 outsize=209 ok=1
Cmd: preprocess
  insize=811 outsize=209 ok=1
Cmd: preprocess
  insize=811 outsize=209 ok=1
Cmd: preprocess
  insize=811 outsize=209 ok=1
Cmd: preprocess
  insize=811 outsize=209 ok=1
Cmd: preprocess
  insize=811 outsize=209 ok=1
Cmd: preprocess
  insize=811 outsize=209 ok=1
Cmd: preprocess
  insize=811 outsize=209 ok=1
Cmd: preprocess
  insize=811 outsize=209 ok=1
Cmd: preprocess
  insize=811 outsize=209 ok=1
Cmd: preprocess
  insize=811 outsize=209 ok=1
Cmd: preprocess
  insize=811 outsize=209 ok=1
Cmd: preprocess
  insize=811 outsize=209 ok=1
Cmd: preprocess
  insize=811 outsize=209 ok=1
Cmd: preprocess
  insize=13944 outsize=791 ok=1
Cmd: preprocess
  insize=8863 outsize=522 ok=1
Cmd: preprocess
  insize=5362 outsize=525 ok=1
Cmd: preprocess
  insize=3437 outsize=519 ok=1
Cmd: preprocess
  insize=11164 outsize=521 ok=1
Cmd: preprocess
  insize=3889 outsize=528 ok=1
Cmd: preprocess
  insize=9566 outsize=522 ok=1
Cmd: preprocess
  insize=4085 outsize=518 ok=1
Cmd: preprocess
  insize=3733 outsize=519 ok=1
Cmd: preprocess
  insize=4096 outsize=518 ok=1
Cmd: preprocess
  insize=3434 outsize=520 ok=1
Cmd: preprocess
  insize=10574 outsize=517 ok=1
Cmd: preprocess
  insize=3434 outsize=521 ok=1
Cmd: preprocess
  insize=10367 outsize=522 ok=1
Cmd: preprocess
  insize=3746 outsize=521 ok=1
Cmd: preprocess
  insize=4117 outsize=528 ok=1
Cmd: preprocess
  insize=3646 outsize=523 ok=1
Cmd: preprocess
  insize=6309 outsize=521 ok=1
Cmd: preprocess
  insize=3646 outsize=524 ok=1
Cmd: preprocess
  insize=7811 outsize=521 ok=1
Cmd: preprocess
  insize=12778 outsize=784 ok=1
Cmd: compileSnippet
  api=4 type=0 insize=12328 outsize=1102 kw= pd=UNITY_ENABLE_REFLECTION_BUFFERS UNITY_USE_DITHER_MASK_FOR_ALPHABLENDED_SHADOWS UNITY_PBS_USE_BRDF1 UNITY_SPECCUBE_BOX_PROJECTION UNITY_SPECCUBE_BLENDING UNITY_ENABLE_DETAIL_NORMALMAP SHADER_API_DESKTOP UNITY_COLORSPACE_GAMMA UNITY_LIGHT_PROBE_PROXY_VOLUME UNITY_LIGHTMAP_RGBM_ENCODING ok=1
Cmd: compileSnippet
  api=4 type=1 insize=12328 outsize=6262 kw= pd=UNITY_ENABLE_REFLECTION_BUFFERS UNITY_USE_DITHER_MASK_FOR_ALPHABLENDED_SHADOWS UNITY_PBS_USE_BRDF1 UNITY_SPECCUBE_BOX_PROJECTION UNITY_SPECCUBE_BLENDING UNITY_ENABLE_DETAIL_NORMALMAP SHADER_API_DESKTOP UNITY_COLORSPACE_GAMMA UNITY_LIGHT_PROBE_PROXY_VOLUME UNITY_LIGHTMAP_RGBM_ENCODING ok=1
